<?xml version="1.0" encoding="UTF-8"?>
<!-- Generated by org.testng.reporters.JUnitReportReporter -->
<testsuite hostname="PBL288" failures="0" tests="3" name="com.qa.testcases.Test1" time="55.540" errors="0" timestamp="26 Jan 2023 07:41:27 GMT" skipped="0">
  <testcase classname="com.qa.testcases.Test1" name="CompareMovieReleaseDateandCountry" time="11.785"/>
  <testcase classname="com.qa.testcases.Test1" name="CompareMovieReleaseDateandCountry" time="28.964"/>
  <testcase classname="com.qa.testcases.Test1" name="CompareMovieReleaseDateandCountry" time="14.791"/>
</testsuite> <!-- com.qa.testcases.Test1 -->
