<?xml version="1.0" encoding="UTF-8"?>
<!-- Generated by org.testng.reporters.JUnitReportReporter -->
<testsuite hostname="PBL288" failures="0" tests="1" name="com.pims.qa.testcases.AntechTest1" time="6.702" errors="0" timestamp="25 Jan 2023 13:58:42 GMT" skipped="0">
  <testcase classname="com.pims.qa.testcases.AntechTest1" name="VerifyPatientNameinBanner" time="6.702"/>
</testsuite> <!-- com.pims.qa.testcases.AntechTest1 -->
